2016-01-07 18:42:55,777 - INFO - Using TestExecutionListeners: [org.springframework.test.context.web.ServletTestExecutionListener@3fdba174, org.springframework.test.context.support.DependencyInjectionTestExecutionListener@6c44e76c, org.springframework.test.context.support.DirtiesContextTestExecutionListener@1fb59afc]
     2016-01-07 18:42:55,867 - INFO - Loading XML bean definitions from file [H:\Project\Java\KanKanSearch\kankanSearch\target\classes\spring\spring-search-bean.xml]
     2016-01-07 18:42:55,967 - INFO - Loading XML bean definitions from file [H:\Project\Java\KanKanSearch\kankanSearch\target\classes\spring\spring-search-datasource.xml]
     2016-01-07 18:42:56,026 - INFO - Loading XML bean definitions from file [H:\Project\Java\KanKanSearch\kankanSearch\target\classes\spring\springmvc-config.xml]
     2016-01-07 18:42:56,141 - INFO - Refreshing org.springframework.context.support.GenericApplicationContext@5e9c8834: startup date [Thu Jan 07 18:42:56 CST 2016]; root of context hierarchy
     2016-01-07 18:42:56,469 - INFO - Loading properties file from file [H:\Project\Java\KanKanSearch\kankanSearch\target\classes\config-database.properties]
     2016-01-07 18:42:56,635 - INFO - Loading properties file from URL [file:/H:/Project/Java/KanKanSearch/kankanSearch/target/classes/GlobalSql.properties]
     2016-01-07 18:42:56,910 - INFO - {dataSource-1} inited
     2016-01-07 18:42:57,069 - INFO - HCANN000001: Hibernate Commons Annotations {4.0.2.Final}
     2016-01-07 18:42:57,074 - INFO - HHH000412: Hibernate Core {4.2.2.Final}
     2016-01-07 18:42:57,076 - INFO - HHH000206: hibernate.properties not found
     2016-01-07 18:42:57,077 - INFO - HHH000021: Bytecode provider name : javassist
     2016-01-07 18:42:57,157 - INFO - HHH000400: Using dialect: org.hibernate.dialect.MySQL5InnoDBDialect
     2016-01-07 18:42:57,256 - INFO - HHH000399: Using default transaction strategy (direct JDBC transactions)
     2016-01-07 18:42:57,260 - INFO - HHH000397: Using ASTQueryTranslatorFactory
     2016-01-07 18:42:57,320 - WARN - One or more caches require a DiskStore but there is no diskStore element configured. Using the default disk store path of C:\Users\mu\AppData\Local\Temp\. Please explicitly configure the diskStore element in ehcache.xml.
     2016-01-07 18:42:57,402 - INFO - HHH000250: Starting update timestamps cache at region: org.hibernate.cache.spi.UpdateTimestampsCache
     2016-01-07 18:42:57,404 - WARN - HHH020003: Could not find a specific ehcache configuration for cache named [org.hibernate.cache.spi.UpdateTimestampsCache]; using defaults.
     2016-01-07 18:42:57,406 - INFO - HHH000248: Starting query cache at region: org.hibernate.cache.internal.StandardQueryCache
     2016-01-07 18:42:57,406 - WARN - HHH020003: Could not find a specific ehcache configuration for cache named [org.hibernate.cache.internal.StandardQueryCache]; using defaults.
     2016-01-07 18:42:57,423 - INFO - Hibernate Validator 4.2.0.Final
     2016-01-07 18:42:57,529 - INFO - HHH000182: No default (no-argument) constructor for class: com.kankanews.search.db.model.Video (class must be instantiated by Interceptor)
     2016-01-07 18:42:57,598 - INFO - HHH000228: Running hbm2ddl schema update
     2016-01-07 18:42:57,599 - INFO - HHH000102: Fetching database metadata
     2016-01-07 18:42:57,600 - INFO - HHH000396: Updating schema
     2016-01-07 18:42:57,624 - INFO - HHH000261: Table found: kankancms.kk_ecms_kankanvideos
     2016-01-07 18:42:57,624 - INFO - HHH000037: Columns: [ttid, areaname, votenum, newstime, userid, haveaddfen, closepl, titlefont, type, newspath, username, isgood, videoscale, copyids, totaldown, groupid, ispic, isnew, vid, keyframeid, truetime, keywords, contentid, filelength, titlepic, stb, catalog, labels, titleurl, videourl, editor, firsttitle, infotags, ishot, istop, taskid, ztid, id, keyid, createtime, title, vidnew, termno, classid, dokey, keyboard, userfen, isqf, ismember, infopfennum, newstempid, infopfen, headintro, intro, systemid, omsid, abstracts, plnum, sourceid, filename, onclick, havehtml, checked, editorid, lastdotime]
     2016-01-07 18:42:57,624 - INFO - HHH000108: Foreign keys: []
     2016-01-07 18:42:57,625 - INFO - HHH000126: Indexes: [ttid, classid_checked_newstime_isgood, truetime, omsid, contentid, newstime, primary, index_kwd, onclick, checked, classid]
     2016-01-07 18:42:57,625 - INFO - HHH000232: Schema update complete
     2016-01-07 18:42:57,849 - INFO - Starting
     2016-01-07 18:42:57,856 - INFO - Client environment:zookeeper.version=3.4.6-1569965, built on 02/20/2014 09:09 GMT
     2016-01-07 18:42:57,856 - INFO - Client environment:host.name=mu-PC
     2016-01-07 18:42:57,856 - INFO - Client environment:java.version=1.7.0_75
     2016-01-07 18:42:57,856 - INFO - Client environment:java.vendor=Oracle Corporation
     2016-01-07 18:42:57,857 - INFO - Client environment:java.home=G:\Java\jdk1.7.0_75\jre
     2016-01-07 18:42:57,857 - INFO - Client environment:java.class.path=H:\Project\Java\KanKanSearch\kankanSearch\target\test-classes;H:\Project\Java\KanKanSearch\kankanSearch\target\classes;G:\MyProTools\apache-tomcat-7.0.59\lib\annotations-api.jar;G:\MyProTools\apache-tomcat-7.0.59\lib\catalina-ant.jar;G:\MyProTools\apache-tomcat-7.0.59\lib\catalina-ha.jar;G:\MyProTools\apache-tomcat-7.0.59\lib\catalina-tribes.jar;G:\MyProTools\apache-tomcat-7.0.59\lib\catalina.jar;G:\MyProTools\apache-tomcat-7.0.59\lib\ecj-4.4.jar;G:\MyProTools\apache-tomcat-7.0.59\lib\el-api.jar;G:\MyProTools\apache-tomcat-7.0.59\lib\jasper-el.jar;G:\MyProTools\apache-tomcat-7.0.59\lib\jasper.jar;G:\MyProTools\apache-tomcat-7.0.59\lib\jsp-api.jar;G:\MyProTools\apache-tomcat-7.0.59\lib\servlet-api.jar;G:\MyProTools\apache-tomcat-7.0.59\lib\tomcat-api.jar;G:\MyProTools\apache-tomcat-7.0.59\lib\tomcat-coyote.jar;G:\MyProTools\apache-tomcat-7.0.59\lib\tomcat-dbcp.jar;G:\MyProTools\apache-tomcat-7.0.59\lib\tomcat-i18n-es.jar;G:\MyProTools\apache-tomcat-7.0.59\lib\tomcat-i18n-fr.jar;G:\MyProTools\apache-tomcat-7.0.59\lib\tomcat-i18n-ja.jar;G:\MyProTools\apache-tomcat-7.0.59\lib\tomcat-jdbc.jar;G:\MyProTools\apache-tomcat-7.0.59\lib\tomcat-util.jar;G:\MyProTools\apache-tomcat-7.0.59\lib\tomcat7-websocket.jar;G:\MyProTools\apache-tomcat-7.0.59\lib\websocket-api.jar;I:\repository\junit\junit\4.12\junit-4.12.jar;I:\repository\org\hamcrest\hamcrest-core\1.3\hamcrest-core-1.3.jar;I:\repository\org\springframework\spring-context\4.1.6.RELEASE\spring-context-4.1.6.RELEASE.jar;I:\repository\org\springframework\spring-beans\4.1.6.RELEASE\spring-beans-4.1.6.RELEASE.jar;I:\repository\org\springframework\spring-expression\4.1.6.RELEASE\spring-expression-4.1.6.RELEASE.jar;I:\repository\org\springframework\spring-aop\4.1.6.RELEASE\spring-aop-4.1.6.RELEASE.jar;I:\repository\aopalliance\aopalliance\1.0\aopalliance-1.0.jar;I:\repository\org\springframework\spring-core\4.1.6.RELEASE\spring-core-4.1.6.RELEASE.jar;I:\repository\org\springframework\spring-context-support\4.1.6.RELEASE\spring-context-support-4.1.6.RELEASE.jar;I:\repository\org\springframework\spring-web\4.1.6.RELEASE\spring-web-4.1.6.RELEASE.jar;I:\repository\org\springframework\spring-webmvc\4.1.6.RELEASE\spring-webmvc-4.1.6.RELEASE.jar;I:\repository\org\springframework\spring-orm\4.1.6.RELEASE\spring-orm-4.1.6.RELEASE.jar;I:\repository\org\springframework\spring-jdbc\4.1.6.RELEASE\spring-jdbc-4.1.6.RELEASE.jar;I:\repository\org\springframework\spring-tx\4.1.6.RELEASE\spring-tx-4.1.6.RELEASE.jar;I:\repository\org\springframework\spring-test\4.1.6.RELEASE\spring-test-4.1.6.RELEASE.jar;I:\repository\org\apache\httpcomponents\httpclient\4.3.5\httpclient-4.3.5.jar;I:\repository\commons-codec\commons-codec\1.6\commons-codec-1.6.jar;I:\repository\commons-httpclient\commons-httpclient\3.1\commons-httpclient-3.1.jar;I:\repository\org\apache\httpcomponents\httpcore\4.3.3\httpcore-4.3.3.jar;I:\repository\org\slf4j\slf4j-api\1.6.1\slf4j-api-1.6.1.jar;I:\repository\org\slf4j\jcl-over-slf4j\1.6.1\jcl-over-slf4j-1.6.1.jar;I:\repository\org\slf4j\slf4j-log4j12\1.6.1\slf4j-log4j12-1.6.1.jar;I:\repository\commons-logging\commons-logging\1.1.3\commons-logging-1.1.3.jar;I:\repository\log4j\log4j\1.2.17\log4j-1.2.17.jar;I:\repository\com\fasterxml\jackson\core\jackson-databind\2.4.3\jackson-databind-2.4.3.jar;I:\repository\com\fasterxml\jackson\core\jackson-annotations\2.4.0\jackson-annotations-2.4.0.jar;I:\repository\com\fasterxml\jackson\core\jackson-core\2.4.3\jackson-core-2.4.3.jar;I:\repository\org\bouncycastle\bcprov-jdk16\1.46\bcprov-jdk16-1.46.jar;I:\repository\org\hibernate\hibernate-core\4.2.2.Final\hibernate-core-4.2.2.Final.jar;I:\repository\antlr\antlr\2.7.7\antlr-2.7.7.jar;I:\repository\org\jboss\logging\jboss-logging\3.1.0.GA\jboss-logging-3.1.0.GA.jar;I:\repository\dom4j\dom4j\1.6.1\dom4j-1.6.1.jar;I:\repository\org\jboss\spec\javax\transaction\jboss-transaction-api_1.1_spec\1.0.1.Final\jboss-transaction-api_1.1_spec-1.0.1.Final.jar;I:\repository\org\hibernate\javax\persistence\hibernate-jpa-2.0-api\1.0.1.Final\hibernate-jpa-2.0-api-1.0.1.Final.jar;I:\repository\org\hibernate\common\hibernate-commons-annotations\4.0.2.Final\hibernate-commons-annotations-4.0.2.Final.jar;I:\repository\org\javassist\javassist\3.15.0-GA\javassist-3.15.0-GA.jar;I:\repository\org\hibernate\hibernate-validator\4.2.0.Final\hibernate-validator-4.2.0.Final.jar;I:\repository\javax\validation\validation-api\1.0.0.GA\validation-api-1.0.0.GA.jar;I:\repository\org\hibernate\hibernate-ehcache\4.2.0.Final\hibernate-ehcache-4.2.0.Final.jar;I:\repository\net\sf\ehcache\ehcache-core\2.4.3\ehcache-core-2.4.3.jar;I:\repository\org\aspectj\aspectjweaver\1.8.2\aspectjweaver-1.8.2.jar;I:\repository\mysql\mysql-connector-java\5.1.26\mysql-connector-java-5.1.26.jar;I:\repository\com\alibaba\druid\0.2.26\druid-0.2.26.jar;I:\repository\org\apache\solr\solr-solrj\5.2.1\solr-solrj-5.2.1.jar;I:\repository\commons-io\commons-io\2.4\commons-io-2.4.jar;I:\repository\org\apache\httpcomponents\httpmime\4.4.1\httpmime-4.4.1.jar;I:\repository\org\codehaus\woodstox\stax2-api\3.1.4\stax2-api-3.1.4.jar;I:\repository\org\codehaus\woodstox\woodstox-core-asl\4.4.1\woodstox-core-asl-4.4.1.jar;I:\repository\org\noggit\noggit\0.6\noggit-0.6.jar;I:\repository\commons-fileupload\commons-fileupload\1.3.1\commons-fileupload-1.3.1.jar;I:\repository\org\freemarker\freemarker\2.3.20\freemarker-2.3.20.jar;I:\repository\org\apache\zookeeper\zookeeper\3.4.6\zookeeper-3.4.6.jar;I:\repository\jline\jline\0.9.94\jline-0.9.94.jar;I:\repository\io\netty\netty\3.7.0.Final\netty-3.7.0.Final.jar;I:\repository\org\apache\curator\curator-framework\2.8.0\curator-framework-2.8.0.jar;I:\repository\org\apache\curator\curator-client\2.8.0\curator-client-2.8.0.jar;I:\repository\com\google\guava\guava\16.0.1\guava-16.0.1.jar;I:\repository\org\apache\curator\curator-recipes\2.8.0\curator-recipes-2.8.0.jar;I:\repository\com\google\code\gson\gson\2.3.1\gson-2.3.1.jar;I:\repository\javax\servlet\javax.servlet-api\3.1.0\javax.servlet-api-3.1.0.jar;/G:/MyProTools/eclipse/configuration/org.eclipse.osgi/362/0/.cp/;/G:/MyProTools/eclipse/configuration/org.eclipse.osgi/361/0/.cp/
     2016-01-07 18:42:57,857 - INFO - Client environment:java.library.path=G:\Java\jdk1.7.0_75\bin;C:\Windows\Sun\Java\bin;C:\Windows\system32;C:\Windows;G:/Java/jdk1.7.0_75/bin/../jre/bin/server;G:/Java/jdk1.7.0_75/bin/../jre/bin;G:/Java/jdk1.7.0_75/bin/../jre/lib/amd64;G:\Java\jdk1.7.0_75\bin;C:\Windows\system32;C:\Windows;C:\Windows\System32\Wbem;C:\Windows\System32\WindowsPowerShell\v1.0\;G:\Java\jdk1.7.0_75\jre\bin;H:\Tools\hadoop-2.6.0\bin;G:\MyProTools\mysql-5.6.25-winx64\bin;G:\MyProTools\apache-maven-3.2.5\bin;C:\Program Files\TortoiseGit\bin;C:\Program Files\TortoiseSVN\bin;G:\MyProTools\eclipse;;.
     2016-01-07 18:42:57,857 - INFO - Client environment:java.io.tmpdir=C:\Users\mu\AppData\Local\Temp\
     2016-01-07 18:42:57,857 - INFO - Client environment:java.compiler=<NA>
     2016-01-07 18:42:57,858 - INFO - Client environment:os.name=Windows 7
     2016-01-07 18:42:57,858 - INFO - Client environment:os.arch=amd64
     2016-01-07 18:42:57,858 - INFO - Client environment:os.version=6.1
     2016-01-07 18:42:57,858 - INFO - Client environment:user.name=mu
     2016-01-07 18:42:57,858 - INFO - Client environment:user.home=C:\Users\mu
     2016-01-07 18:42:57,858 - INFO - Client environment:user.dir=H:\Project\Java\KanKanSearch\kankanSearch
     2016-01-07 18:42:57,859 - INFO - Initiating client connection, connectString=172.16.10.135:2181,172.16.10.136:2181,172.16.10.137:2181 sessionTimeout=60000 watcher=org.apache.curator.ConnectionState@3840b55e
     2016-01-07 18:42:57,883 - INFO - Opening socket connection to server 172.16.10.135/172.16.10.135:2181. Will not attempt to authenticate using SASL (unknown error)
     2016-01-07 18:42:57,886 - INFO - Socket connection established to 172.16.10.135/172.16.10.135:2181, initiating session
     2016-01-07 18:42:57,893 - INFO - Session establishment complete on server 172.16.10.135/172.16.10.135:2181, sessionid = 0x151c9406af91a58, negotiated timeout = 60000
     2016-01-07 18:42:57,896 - INFO - State change: CONNECTED
     2016-01-07 18:42:57,921 - INFO - Using DataSource [org.springframework.jdbc.datasource.LazyConnectionDataSourceProxy@47ca51eb] of Hibernate SessionFactory for HibernateTransactionManager
     2016-01-07 18:42:58,155 - INFO - Mapped "{[/config/getConfig],methods=[],params=[],headers=[],consumes=[],produces=[],custom=[]}" onto public java.lang.String com.kankanews.search.action.ConfigAction.getConfig()
     2016-01-07 18:42:58,156 - INFO - Mapped "{[/config/indexVersion/{version}],methods=[],params=[],headers=[],consumes=[],produces=[],custom=[]}" onto public java.lang.String com.kankanews.search.action.ConfigAction.indexVersion(java.lang.String)
     2016-01-07 18:42:58,156 - INFO - Mapped "{[/config/isIncrement/{is}],methods=[],params=[],headers=[],consumes=[],produces=[],custom=[]}" onto public java.lang.String com.kankanews.search.action.ConfigAction.isIncrement(java.lang.Boolean)
     2016-01-07 18:42:58,158 - INFO - Mapped "{[/index/add/whole],methods=[],params=[],headers=[],consumes=[],produces=[],custom=[]}" onto public java.lang.String com.kankanews.search.action.IndexAction.addWhole()
     2016-01-07 18:42:58,159 - INFO - Mapped "{[/index/optimized],methods=[],params=[],headers=[],consumes=[],produces=[],custom=[]}" onto public java.lang.String com.kankanews.search.action.IndexAction.optimized()
     2016-01-07 18:42:58,159 - INFO - Mapped "{[/index/delete/whole],methods=[],params=[],headers=[],consumes=[],produces=[],custom=[]}" onto public java.lang.String com.kankanews.search.action.IndexAction.deleteWhole()
     2016-01-07 18:42:58,159 - INFO - Mapped "{[/index/test],methods=[],params=[],headers=[],consumes=[],produces=[],custom=[]}" onto public java.lang.String com.kankanews.search.action.IndexAction.testRichText()
     2016-01-07 18:42:58,159 - INFO - Mapped "{[/index/get/curIndexNum],methods=[],params=[],headers=[],consumes=[],produces=[],custom=[]}" onto public java.lang.String com.kankanews.search.action.IndexAction.getCurIndexNum()
     2016-01-07 18:42:58,160 - INFO - Mapped "{[/search/query],methods=[],params=[],headers=[],consumes=[],produces=[],custom=[]}" onto public java.util.Map<java.lang.String, java.lang.Object> com.kankanews.search.action.QueryAction.query(java.lang.String,java.lang.String,java.lang.String,java.lang.String,java.lang.String,java.lang.String,java.lang.String,java.lang.String,java.lang.String,java.lang.String,java.lang.String,java.lang.Integer,java.lang.Integer,boolean,boolean,java.lang.String,java.lang.String)
     2016-01-07 18:42:58,160 - INFO - Mapped "{[/search/queryGroup],methods=[],params=[],headers=[],consumes=[],produces=[],custom=[]}" onto public java.lang.String com.kankanews.search.action.QueryAction.queryGroup()
     2016-01-07 18:42:58,161 - INFO - Mapped "{[/task/getTaskInfo],methods=[],params=[],headers=[],consumes=[],produces=[],custom=[]}" onto public java.lang.String com.kankanews.search.action.TaskManagerAction.getTaskInfo()
     2016-01-07 18:42:58,417 - INFO - Looking for @ControllerAdvice: org.springframework.context.support.GenericApplicationContext@5e9c8834: startup date [Thu Jan 07 18:42:56 CST 2016]; root of context hierarchy
     2016-01-07 18:42:58,469 - INFO - Looking for @ControllerAdvice: org.springframework.context.support.GenericApplicationContext@5e9c8834: startup date [Thu Jan 07 18:42:56 CST 2016]; root of context hierarchy
     2016-01-07 18:42:58,578 - INFO - SpringTemplateLoader for FreeMarker: using resource loader [org.springframework.context.support.GenericApplicationContext@5e9c8834: startup date [Thu Jan 07 18:42:56 CST 2016]; root of context hierarchy] and template loader path [/WEB-INF/pages/]
     2016-01-07 18:42:58,579 - INFO - ClassTemplateLoader for Spring macros added to FreeMarker configuration
     2016-01-07 18:42:58,607 - INFO - Looking for @ControllerAdvice: org.springframework.context.support.GenericApplicationContext@5e9c8834: startup date [Thu Jan 07 18:42:56 CST 2016]; root of context hierarchy
     2016-01-07 18:42:58,646 - INFO - Closing org.springframework.context.support.GenericApplicationContext@5e9c8834: startup date [Thu Jan 07 18:42:56 CST 2016]; root of context hierarchy
     2016-01-07 18:42:58,662 - INFO - Session: 0x151c9406af91a58 closed
     2016-01-07 18:42:58,662 - INFO - EventThread shut down
     2016-01-07 18:42:58,795 - INFO - {dataSource-1} closed
     